<?xml version="1.0" encoding="UTF-8"?>
<!-- Generated by org.testng.reporters.JUnitXMLReporter -->
<testsuite ignored="0" hostname="DESKTOP-95OB4JQ" failures="1" tests="2" name="Run on Edge" time="48.279" errors="0" timestamp="2024-06-30T19:43:39 ICT">
  <testcase classname="com.hrm.admin.Admin_01_Job_Titles" name="Employee_01_Add_New" time="3.268"/>
  <testcase classname="com.hrm.admin.Admin_02_Pay_Grades" name="Employee_01_Add_New" time="14.516">
    <failure type="java.lang.AssertionError" message="expected [abc661232] but found [abc6612321000010000000]">
      <![CDATA[java.lang.AssertionError: expected [abc661232] but found [abc6612321000010000000]
at com.hrm.admin.Admin_02_Pay_Grades.Employee_01_Add_New(Admin_02_Pay_Grades.java:87)
at java.base/java.util.ArrayList.forEach(ArrayList.java:1541)
... Removed 33 stack frames]]>
    </failure>
  </testcase> <!-- Employee_01_Add_New -->
</testsuite> <!-- Run on Edge -->
