<?xml version="1.0" encoding="UTF-8"?>
<!-- Generated by org.testng.reporters.JUnitXMLReporter -->
<testsuite ignored="0" hostname="DESKTOP-95OB4JQ" failures="0" tests="11" name="Run on " time="0.157" errors="0" timestamp="2024-04-15T20:16:28 ICT">
  <testcase classname="com.hrm.pim.PIM_01_Employee" name="Employee_01_Add_New" time="0.0">
    <skipped/>
  </testcase> <!-- Employee_01_Add_New -->
  <testcase classname="com.hrm.pim.PIM_01_Employee" name="Employee_02_Personal_Details" time="0.0">
    <skipped/>
  </testcase> <!-- Employee_02_Personal_Details -->
  <testcase classname="com.hrm.pim.PIM_01_Employee" name="Employee_03_Contact_Details" time="0.0">
    <skipped/>
  </testcase> <!-- Employee_03_Contact_Details -->
  <testcase classname="com.hrm.pim.PIM_01_Employee" name="Employee_04_Emergency_Contact" time="0.0">
    <skipped/>
  </testcase> <!-- Employee_04_Emergency_Contact -->
  <testcase classname="com.hrm.pim.PIM_01_Employee" name="Employee_05_Dependents" time="0.0">
    <skipped/>
  </testcase> <!-- Employee_05_Dependents -->
  <testcase classname="com.hrm.pim.PIM_01_Employee" name="Employee_06_Immagration" time="0.0">
    <skipped/>
  </testcase> <!-- Employee_06_Immagration -->
  <testcase classname="com.hrm.pim.PIM_01_Employee" name="Employee_07_Job" time="0.0">
    <skipped/>
  </testcase> <!-- Employee_07_Job -->
  <testcase classname="com.hrm.pim.PIM_01_Employee" name="Employee_08_Salary" time="0.0">
    <skipped/>
  </testcase> <!-- Employee_08_Salary -->
  <testcase classname="com.hrm.pim.PIM_01_Employee" name="Employee_09_Report_To" time="0.0">
    <skipped/>
  </testcase> <!-- Employee_09_Report_To -->
  <testcase classname="com.hrm.pim.PIM_01_Employee" name="Employee_10_Qualification" time="0.0">
    <skipped/>
  </testcase> <!-- Employee_10_Qualification -->
  <testcase classname="com.hrm.pim.PIM_01_Employee" name="Employee_11_Membership" time="0.0">
    <skipped/>
  </testcase> <!-- Employee_11_Membership -->
</testsuite> <!-- Run on  -->
