<?xml version="1.0" encoding="UTF-8"?>
<!-- Generated by org.testng.reporters.JUnitXMLReporter -->
<testsuite ignored="0" hostname="DESKTOP-95OB4JQ" failures="1" tests="1" name="Run on Firefox" time="17.657" errors="0" timestamp="2024-06-15T21:57:11 ICT">
  <testcase classname="com.hrm.pim.PIM_01_Employee" name="Employee_01_Add_New" time="2.685">
    <failure type="org.openqa.selenium.ElementClickInterceptedException" message="Element &amp;lt;button class=&amp;quot;oxd-button oxd-button--medium oxd-button--secondary orangehrm-left-space&amp;quot; type=&amp;quot;submit&amp;quot;&amp;gt; is not clickable at point (1235,499) because another element &amp;lt;div class=&amp;quot;oxd-form-loader&amp;quot;&amp;gt; obscures it
Build info: version: &amp;apos;4.18.0&amp;apos;, revision: &amp;apos;b6bf9de7cc&amp;apos;
System info: os.name: &amp;apos;Windows 10&amp;apos;, os.arch: &amp;apos;amd64&amp;apos;, os.version: &amp;apos;10.0&amp;apos;, java.version: &amp;apos;11.0.20&amp;apos;
Driver info: org.openqa.selenium.firefox.FirefoxDriver
Command: [7bcc5e14-f4e7-490f-a2ce-7755048af8c0, clickElement {id=e521b3e1-ac3f-4623-a3d4-be72dbf41e7c}]
Capabilities {acceptInsecureCerts: true, browserName: firefox, browserVersion: 127.0, moz:accessibilityChecks: false, moz:buildID: 20240606181944, moz:debuggerAddress: 127.0.0.1:8072, moz:geckodriverVersion: 0.34.0, moz:headless: false, moz:platformVersion: 10.0, moz:processID: 14148, moz:profile: C:\Users\nvvo9\AppData\Loca..., moz:shutdownTimeout: 60000, moz:webdriverClick: true, moz:windowless: false, pageLoadStrategy: normal, platformName: windows, proxy: Proxy(), se:cdp: ws://127.0.0.1:8072/devtool..., se:cdpVersion: 85.0, setWindowRect: true, strictFileInteractability: false, timeouts: {implicit: 0, pageLoad: 300000, script: 30000}, unhandledPromptBehavior: dismiss and notify, userAgent: Mozilla/5.0 (Windows NT 10....}
Element: [[FirefoxDriver: firefox on windows (7bcc5e14-f4e7-490f-a2ce-7755048af8c0)] -&amp;gt; xpath: //button[text()=&amp;apos; Save &amp;apos;]]
Session ID: 7bcc5e14-f4e7-490f-a2ce-7755048af8c0">
      <![CDATA[org.openqa.selenium.ElementClickInterceptedException: Element <button class="oxd-button oxd-button--medium oxd-button--secondary orangehrm-left-space" type="submit"> is not clickable at point (1235,499) because another element <div class="oxd-form-loader"> obscures it
Build info: version: '4.18.0', revision: 'b6bf9de7cc'
System info: os.name: 'Windows 10', os.arch: 'amd64', os.version: '10.0', java.version: '11.0.20'
Driver info: org.openqa.selenium.firefox.FirefoxDriver
Command: [7bcc5e14-f4e7-490f-a2ce-7755048af8c0, clickElement {id=e521b3e1-ac3f-4623-a3d4-be72dbf41e7c}]
Capabilities {acceptInsecureCerts: true, browserName: firefox, browserVersion: 127.0, moz:accessibilityChecks: false, moz:buildID: 20240606181944, moz:debuggerAddress: 127.0.0.1:8072, moz:geckodriverVersion: 0.34.0, moz:headless: false, moz:platformVersion: 10.0, moz:processID: 14148, moz:profile: C:\Users\nvvo9\AppData\Loca..., moz:shutdownTimeout: 60000, moz:webdriverClick: true, moz:windowless: false, pageLoadStrategy: normal, platformName: windows, proxy: Proxy(), se:cdp: ws://127.0.0.1:8072/devtool..., se:cdpVersion: 85.0, setWindowRect: true, strictFileInteractability: false, timeouts: {implicit: 0, pageLoad: 300000, script: 30000}, unhandledPromptBehavior: dismiss and notify, userAgent: Mozilla/5.0 (Windows NT 10....}
Element: [[FirefoxDriver: firefox on windows (7bcc5e14-f4e7-490f-a2ce-7755048af8c0)] -> xpath: //button[text()=' Save ']]
Session ID: 7bcc5e14-f4e7-490f-a2ce-7755048af8c0
at org.openqa.selenium.remote.ErrorCodec.decode(ErrorCodec.java:167)
at org.openqa.selenium.remote.codec.w3c.W3CHttpResponseCodec.decode(W3CHttpResponseCodec.java:138)
at org.openqa.selenium.remote.codec.w3c.W3CHttpResponseCodec.decode(W3CHttpResponseCodec.java:50)
at org.openqa.selenium.remote.HttpCommandExecutor.execute(HttpCommandExecutor.java:190)
at org.openqa.selenium.remote.service.DriverCommandExecutor.invokeExecute(DriverCommandExecutor.java:216)
at org.openqa.selenium.remote.service.DriverCommandExecutor.execute(DriverCommandExecutor.java:174)
at org.openqa.selenium.remote.RemoteWebDriver.execute(RemoteWebDriver.java:519)
at org.openqa.selenium.remote.RemoteWebElement.execute(RemoteWebElement.java:223)
at org.openqa.selenium.remote.RemoteWebElement.click(RemoteWebElement.java:76)
at org.openqa.selenium.support.pagefactory.internal.LocatingElementHandler.invoke(LocatingElementHandler.java:51)
at com.sun.proxy.$Proxy13.click(Unknown Source)
at commons.BasePageFactory.clickToElement(BasePageFactory.java:155)
at pageObject.AddEmployeePO.clickToSaveButton(AddEmployeePO.java:62)
at com.hrm.pim.PIM_01_Employee.Employee_01_Add_New(PIM_01_Employee.java:63)
at java.base/java.util.ArrayList.forEach(ArrayList.java:1541)
... Removed 35 stack frames]]>
    </failure>
  </testcase> <!-- Employee_01_Add_New -->
</testsuite> <!-- Run on Firefox -->
